nohup: ignoring input
2025-08-30 06:49:21,416 95977 INFO ? odoo: Odoo version 18.0 
2025-08-30 06:49:21,417 95977 INFO ? odoo: Using configuration file at /home/codebind/odoo18/odoo.conf 
2025-08-30 06:49:21,417 95977 INFO ? odoo: addons paths: ['/home/codebind/odoo18/odoo/addons', '/home/codebind/.local/share/Odoo/addons/18.0', '/home/codebind/odoo18/addons', '/home/codebind/odoo18/odoo/custom_addons', '/home/codebind/odoo18/odoo/ent_addons'] 
2025-08-30 06:49:21,417 95977 INFO ? odoo: database: odoo@localhost:5432 
2025-08-30 06:49:21,542 95977 INFO ? odoo.addons.base.models.ir_actions_report: Will use the Wkhtmltopdf binary at /usr/bin/wkhtmltopdf 
2025-08-30 06:49:21,590 95977 INFO ? odoo.addons.base.models.ir_actions_report: Will use the Wkhtmltoimage binary at /usr/bin/wkhtmltoimage 
2025-08-30 06:49:22,094 95977 INFO ? odoo.service.server: HTTP service (werkzeug) running on codebind:8069 
2025-08-30 06:49:24,675 95977 INFO ? odoo.modules.loading: loading 1 modules... 
2025-08-30 06:49:24,764 95977 INFO ? odoo.modules.loading: 1 modules loaded in 0.09s, 0 queries (+0 extra) 
2025-08-30 06:49:24,799 95977 WARNING ? odoo.modules.module: Missing `license` key in manifest for 'quote_management', defaulting to LGPL-3 
2025-08-30 06:49:25,216 95977 WARNING ? odoo.modules.module: Missing `license` key in manifest for 'presales_requests', defaulting to LGPL-3 
2025-08-30 06:49:25,457 95977 INFO ? odoo.modules.loading: loading 137 modules... 
2025-08-30 06:49:30,111 95977 INFO ? odoo.modules.loading: 137 modules loaded in 4.65s, 0 queries (+0 extra) 
2025-08-30 06:49:31,881 95977 INFO ? odoo.modules.loading: Modules loaded. 
2025-08-30 06:49:31,994 95977 INFO ? odoo.modules.registry: Registry loaded in 7.481s 
2025-08-30 06:49:32,001 95977 INFO OdooE odoo.addons.base.models.ir_http: Generating routing map for key None 
2025-08-30 06:49:32,205 95977 INFO OdooE werkzeug: 127.0.0.1 - - [30/Aug/2025 06:49:32] "GET /websocket?version=18.0-5 HTTP/1.1" 101 - 25 0.158 7.544
2025-08-30 06:49:32,727 95977 INFO OdooE werkzeug: 127.0.0.1 - - [30/Aug/2025 06:49:32] "POST /bus/has_missed_notifications HTTP/1.1" 200 - 2 0.150 0.185
2025-08-30 06:49:32,909 95977 INFO ? odoo.addons.bus.models.bus: Bus.loop listen imbus on db postgres 
2025-08-30 06:50:22,266 95977 INFO OdooE odoo.addons.base.models.ir_cron: Job 'BPM Orchestrator Tick' (61) starting 
2025-08-30 06:50:22,285 95977 INFO OdooE odoo.addons.base.models.ir_cron: Job 'BPM Orchestrator Tick' (61) done in 0.018s 
2025-08-30 06:50:22,305 95977 INFO OdooE odoo.addons.base.models.ir_cron: Job 'BPM Orchestrator Tick' (61) processed 0 records, 0 records remaining 
2025-08-30 06:50:22,319 95977 INFO OdooE odoo.addons.base.models.ir_cron: Job 'BPM Orchestrator Tick' (61) completed 
2025-08-30 06:50:22,358 95977 INFO OdooE odoo.addons.base.models.ir_cron: Job 'BPM Outbox Dispatcher' (62) starting 
2025-08-30 06:50:22,370 95977 INFO OdooE odoo.addons.base.models.ir_cron: Job 'BPM Outbox Dispatcher' (62) done in 0.011s 
2025-08-30 06:50:22,389 95977 INFO OdooE odoo.addons.base.models.ir_cron: Job 'BPM Outbox Dispatcher' (62) processed 0 records, 0 records remaining 
2025-08-30 06:50:22,407 95977 INFO OdooE odoo.addons.base.models.ir_cron: Job 'BPM Outbox Dispatcher' (62) completed 
2025-08-30 06:50:22,438 95977 INFO OdooE odoo.addons.base.models.ir_cron: Job 'BPM Timers' (63) starting 
2025-08-30 06:50:22,453 95977 INFO OdooE odoo.addons.base.models.ir_cron: Job 'BPM Timers' (63) done in 0.013s 
2025-08-30 06:50:22,467 95977 INFO OdooE odoo.addons.base.models.ir_cron: Job 'BPM Timers' (63) processed 0 records, 0 records remaining 
2025-08-30 06:50:22,478 95977 INFO OdooE odoo.addons.base.models.ir_cron: Job 'BPM Timers' (63) completed 
2025-08-30 06:51:22,582 95977 INFO OdooE odoo.addons.base.models.ir_cron: Job 'BPM Orchestrator Tick' (61) starting 
2025-08-30 06:51:22,590 95977 INFO OdooE odoo.addons.base.models.ir_cron: Job 'BPM Orchestrator Tick' (61) done in 0.008s 
2025-08-30 06:51:22,598 95977 INFO OdooE odoo.addons.base.models.ir_cron: Job 'BPM Orchestrator Tick' (61) processed 0 records, 0 records remaining 
2025-08-30 06:51:22,605 95977 INFO OdooE odoo.addons.base.models.ir_cron: Job 'BPM Orchestrator Tick' (61) completed 
2025-08-30 06:51:22,627 95977 INFO OdooE odoo.addons.base.models.ir_cron: Job 'BPM Outbox Dispatcher' (62) starting 
2025-08-30 06:51:22,639 95977 INFO OdooE odoo.addons.base.models.ir_cron: Job 'BPM Outbox Dispatcher' (62) done in 0.011s 
2025-08-30 06:51:22,655 95977 INFO OdooE odoo.addons.base.models.ir_cron: Job 'BPM Outbox Dispatcher' (62) processed 0 records, 0 records remaining 
2025-08-30 06:51:22,662 95977 INFO OdooE odoo.addons.base.models.ir_cron: Job 'BPM Outbox Dispatcher' (62) completed 
2025-08-30 06:51:22,683 95977 INFO OdooE odoo.addons.base.models.ir_cron: Job 'BPM Timers' (63) starting 
2025-08-30 06:51:22,690 95977 INFO OdooE odoo.addons.base.models.ir_cron: Job 'BPM Timers' (63) done in 0.006s 
2025-08-30 06:51:22,697 95977 INFO OdooE odoo.addons.base.models.ir_cron: Job 'BPM Timers' (63) processed 0 records, 0 records remaining 
2025-08-30 06:51:22,704 95977 INFO OdooE odoo.addons.base.models.ir_cron: Job 'BPM Timers' (63) completed 
2025-08-30 06:52:01,008 95977 WARNING ? odoo.modules.module: Missing `license` key in manifest for 'sedco_management', defaulting to LGPL-3 
2025-08-30 06:52:01,008 95977 WARNING ? odoo.modules.module: Missing `license` key in manifest for 'request', defaulting to LGPL-3 
2025-08-30 06:52:01,009 95977 WARNING ? odoo.modules.module: Missing `license` key in manifest for 'custom_partner_city', defaulting to LGPL-3 
2025-08-30 06:52:01,313 95977 WARNING OdooE odoo.modules.module: Missing `license` key in manifest for 'quote_management', defaulting to LGPL-3 
2025-08-30 06:52:01,435 95977 WARNING OdooE odoo.modules.module: Missing `license` key in manifest for 'presales_requests', defaulting to LGPL-3 
2025-08-30 06:52:01,580 95977 INFO OdooE werkzeug: 127.0.0.1 - - [30/Aug/2025 06:52:01] "HEAD /web/static/sedco_bpm_engine/lib/bpmn-modeler.development.js HTTP/1.1" 404 - 82 0.106 0.680
2025-08-30 06:52:22,804 95977 INFO OdooE odoo.addons.base.models.ir_cron: Job 'BPM Orchestrator Tick' (61) starting 
2025-08-30 06:52:22,815 95977 INFO OdooE odoo.addons.base.models.ir_cron: Job 'BPM Orchestrator Tick' (61) done in 0.011s 
2025-08-30 06:52:22,827 95977 INFO OdooE odoo.addons.base.models.ir_cron: Job 'BPM Orchestrator Tick' (61) processed 0 records, 0 records remaining 
2025-08-30 06:52:22,850 95977 INFO OdooE odoo.addons.base.models.ir_cron: Job 'BPM Orchestrator Tick' (61) completed 
2025-08-30 06:52:22,891 95977 INFO OdooE odoo.addons.base.models.ir_cron: Job 'BPM Outbox Dispatcher' (62) starting 
2025-08-30 06:52:22,903 95977 INFO OdooE odoo.addons.base.models.ir_cron: Job 'BPM Outbox Dispatcher' (62) done in 0.012s 
2025-08-30 06:52:22,919 95977 INFO OdooE odoo.addons.base.models.ir_cron: Job 'BPM Outbox Dispatcher' (62) processed 0 records, 0 records remaining 
2025-08-30 06:52:22,929 95977 INFO OdooE odoo.addons.base.models.ir_cron: Job 'BPM Outbox Dispatcher' (62) completed 
2025-08-30 06:52:22,974 95977 INFO OdooE odoo.addons.base.models.ir_cron: Job 'BPM Timers' (63) starting 
2025-08-30 06:52:22,987 95977 INFO OdooE odoo.addons.base.models.ir_cron: Job 'BPM Timers' (63) done in 0.012s 
2025-08-30 06:52:22,998 95977 INFO OdooE odoo.addons.base.models.ir_cron: Job 'BPM Timers' (63) processed 0 records, 0 records remaining 
2025-08-30 06:52:23,010 95977 INFO OdooE odoo.addons.base.models.ir_cron: Job 'BPM Timers' (63) completed 
2025-08-30 06:53:09,361 95977 INFO OdooE werkzeug: 127.0.0.1 - - [30/Aug/2025 06:53:09] "HEAD /web/static/sedco_bpm_engine/lib/bpmn-modeler.development.js HTTP/1.1" 404 - 10 0.009 0.029
2025-08-30 06:53:23,116 95977 INFO OdooE odoo.addons.base.models.ir_cron: Job 'BPM Orchestrator Tick' (61) starting 
2025-08-30 06:53:23,121 95977 INFO OdooE odoo.addons.base.models.ir_cron: Job 'BPM Orchestrator Tick' (61) done in 0.004s 
2025-08-30 06:53:23,126 95977 INFO OdooE odoo.addons.base.models.ir_cron: Job 'BPM Orchestrator Tick' (61) processed 0 records, 0 records remaining 
2025-08-30 06:53:23,132 95977 INFO OdooE odoo.addons.base.models.ir_cron: Job 'BPM Orchestrator Tick' (61) completed 
2025-08-30 06:53:23,155 95977 INFO OdooE odoo.addons.base.models.ir_cron: Job 'BPM Outbox Dispatcher' (62) starting 
2025-08-30 06:53:23,161 95977 INFO OdooE odoo.addons.base.models.ir_cron: Job 'BPM Outbox Dispatcher' (62) done in 0.006s 
2025-08-30 06:53:23,166 95977 INFO OdooE odoo.addons.base.models.ir_cron: Job 'BPM Outbox Dispatcher' (62) processed 0 records, 0 records remaining 
2025-08-30 06:53:23,171 95977 INFO OdooE odoo.addons.base.models.ir_cron: Job 'BPM Outbox Dispatcher' (62) completed 
2025-08-30 06:53:23,186 95977 INFO OdooE odoo.addons.base.models.ir_cron: Job 'BPM Timers' (63) starting 
2025-08-30 06:53:23,191 95977 INFO OdooE odoo.addons.base.models.ir_cron: Job 'BPM Timers' (63) done in 0.005s 
2025-08-30 06:53:23,198 95977 INFO OdooE odoo.addons.base.models.ir_cron: Job 'BPM Timers' (63) processed 0 records, 0 records remaining 
2025-08-30 06:53:23,204 95977 INFO OdooE odoo.addons.base.models.ir_cron: Job 'BPM Timers' (63) completed 
2025-08-30 06:54:17,764 95977 INFO OdooE werkzeug: 127.0.0.1 - - [30/Aug/2025 06:54:17] "GET /web/bpmn_editor/3 HTTP/1.1" 200 - 7 0.013 0.016
2025-08-30 06:54:18,082 95977 INFO OdooE werkzeug: 127.0.0.1 - - [30/Aug/2025 06:54:18] "GET /.well-known/appspecific/com.chrome.devtools.json HTTP/1.1" 404 - 8 0.019 0.049
2025-08-30 06:54:18,372 95977 INFO OdooE werkzeug: 127.0.0.1 - - [30/Aug/2025 06:54:18] "GET /web/static/sedco_bpm_engine/lib/bpmn-js/dist/assets/diagram-js.css HTTP/1.1" 404 - 8 0.062 0.125
2025-08-30 06:54:18,406 95977 INFO OdooE werkzeug: 127.0.0.1 - - [30/Aug/2025 06:54:18] "GET /web/static/sedco_bpm_engine/lib/bpmn-modeler.development.js HTTP/1.1" 404 - 8 0.104 0.094
2025-08-30 06:54:18,415 95977 INFO OdooE werkzeug: 127.0.0.1 - - [30/Aug/2025 06:54:18] "GET /web/static/sedco_bpm_engine/lib/bpmn-js/dist/assets/bpmn-font/css/bpmn.css HTTP/1.1" 404 - 8 0.099 0.118
2025-08-30 06:54:23,246 95977 INFO OdooE odoo.addons.base.models.ir_cron: Job 'BPM Orchestrator Tick' (61) starting 
2025-08-30 06:54:23,250 95977 INFO OdooE odoo.addons.base.models.ir_cron: Job 'BPM Orchestrator Tick' (61) done in 0.003s 
2025-08-30 06:54:23,253 95977 INFO OdooE odoo.addons.base.models.ir_cron: Job 'BPM Orchestrator Tick' (61) processed 0 records, 0 records remaining 
2025-08-30 06:54:23,258 95977 INFO OdooE odoo.addons.base.models.ir_cron: Job 'BPM Orchestrator Tick' (61) completed 
2025-08-30 06:54:23,270 95977 INFO OdooE odoo.addons.base.models.ir_cron: Job 'BPM Outbox Dispatcher' (62) starting 
2025-08-30 06:54:23,275 95977 INFO OdooE odoo.addons.base.models.ir_cron: Job 'BPM Outbox Dispatcher' (62) done in 0.004s 
2025-08-30 06:54:23,280 95977 INFO OdooE odoo.addons.base.models.ir_cron: Job 'BPM Outbox Dispatcher' (62) processed 0 records, 0 records remaining 
2025-08-30 06:54:23,284 95977 INFO OdooE odoo.addons.base.models.ir_cron: Job 'BPM Outbox Dispatcher' (62) completed 
2025-08-30 06:54:23,298 95977 INFO OdooE odoo.addons.base.models.ir_cron: Job 'BPM Timers' (63) starting 
2025-08-30 06:54:23,302 95977 INFO OdooE odoo.addons.base.models.ir_cron: Job 'BPM Timers' (63) done in 0.004s 
2025-08-30 06:54:23,307 95977 INFO OdooE odoo.addons.base.models.ir_cron: Job 'BPM Timers' (63) processed 0 records, 0 records remaining 
2025-08-30 06:54:23,313 95977 INFO OdooE odoo.addons.base.models.ir_cron: Job 'BPM Timers' (63) completed 
2025-08-30 06:54:27,495 95977 INFO OdooE werkzeug: 127.0.0.1 - - [30/Aug/2025 06:54:27] "POST /web/bpmn_editor/3/save HTTP/1.1" 200 - 1 0.001 0.004
2025-08-30 06:55:23,380 95977 INFO OdooE odoo.addons.base.models.ir_cron: Job 'BPM Orchestrator Tick' (61) starting 
2025-08-30 06:55:23,385 95977 INFO OdooE odoo.addons.base.models.ir_cron: Job 'BPM Orchestrator Tick' (61) done in 0.005s 
2025-08-30 06:55:23,392 95977 INFO OdooE odoo.addons.base.models.ir_cron: Job 'BPM Orchestrator Tick' (61) processed 0 records, 0 records remaining 
2025-08-30 06:55:23,396 95977 INFO OdooE odoo.addons.base.models.ir_cron: Job 'BPM Orchestrator Tick' (61) completed 
2025-08-30 06:55:23,410 95977 INFO OdooE odoo.addons.base.models.ir_cron: Job 'BPM Outbox Dispatcher' (62) starting 
2025-08-30 06:55:23,415 95977 INFO OdooE odoo.addons.base.models.ir_cron: Job 'BPM Outbox Dispatcher' (62) done in 0.005s 
2025-08-30 06:55:23,422 95977 INFO OdooE odoo.addons.base.models.ir_cron: Job 'BPM Outbox Dispatcher' (62) processed 0 records, 0 records remaining 
2025-08-30 06:55:23,425 95977 INFO OdooE odoo.addons.base.models.ir_cron: Job 'BPM Outbox Dispatcher' (62) completed 
2025-08-30 06:55:23,438 95977 INFO OdooE odoo.addons.base.models.ir_cron: Job 'BPM Timers' (63) starting 
2025-08-30 06:55:23,443 95977 INFO OdooE odoo.addons.base.models.ir_cron: Job 'BPM Timers' (63) done in 0.004s 
2025-08-30 06:55:23,449 95977 INFO OdooE odoo.addons.base.models.ir_cron: Job 'BPM Timers' (63) processed 0 records, 0 records remaining 
2025-08-30 06:55:23,452 95977 INFO OdooE odoo.addons.base.models.ir_cron: Job 'BPM Timers' (63) completed 
2025-08-30 06:56:23,498 95977 INFO OdooE odoo.addons.base.models.ir_cron: Job 'BPM Orchestrator Tick' (61) starting 
2025-08-30 06:56:23,501 95977 INFO OdooE odoo.addons.base.models.ir_cron: Job 'BPM Orchestrator Tick' (61) done in 0.003s 
2025-08-30 06:56:23,505 95977 INFO OdooE odoo.addons.base.models.ir_cron: Job 'BPM Orchestrator Tick' (61) processed 0 records, 0 records remaining 
2025-08-30 06:56:23,509 95977 INFO OdooE odoo.addons.base.models.ir_cron: Job 'BPM Orchestrator Tick' (61) completed 
2025-08-30 06:56:23,519 95977 INFO OdooE odoo.addons.base.models.ir_cron: Job 'BPM Outbox Dispatcher' (62) starting 
2025-08-30 06:56:23,521 95977 INFO OdooE odoo.addons.base.models.ir_cron: Job 'BPM Outbox Dispatcher' (62) done in 0.002s 
2025-08-30 06:56:23,525 95977 INFO OdooE odoo.addons.base.models.ir_cron: Job 'BPM Outbox Dispatcher' (62) processed 0 records, 0 records remaining 
2025-08-30 06:56:23,531 95977 INFO OdooE odoo.addons.base.models.ir_cron: Job 'BPM Outbox Dispatcher' (62) completed 
2025-08-30 06:56:23,542 95977 INFO OdooE odoo.addons.base.models.ir_cron: Job 'BPM Timers' (63) starting 
2025-08-30 06:56:23,545 95977 INFO OdooE odoo.addons.base.models.ir_cron: Job 'BPM Timers' (63) done in 0.002s 
2025-08-30 06:56:23,549 95977 INFO OdooE odoo.addons.base.models.ir_cron: Job 'BPM Timers' (63) processed 0 records, 0 records remaining 
2025-08-30 06:56:23,552 95977 INFO OdooE odoo.addons.base.models.ir_cron: Job 'BPM Timers' (63) completed 
2025-08-30 06:57:23,634 95977 INFO OdooE odoo.addons.base.models.ir_cron: Job 'BPM Orchestrator Tick' (61) starting 
2025-08-30 06:57:23,638 95977 INFO OdooE odoo.addons.base.models.ir_cron: Job 'BPM Orchestrator Tick' (61) done in 0.004s 
2025-08-30 06:57:23,642 95977 INFO OdooE odoo.addons.base.models.ir_cron: Job 'BPM Orchestrator Tick' (61) processed 0 records, 0 records remaining 
2025-08-30 06:57:23,648 95977 INFO OdooE odoo.addons.base.models.ir_cron: Job 'BPM Orchestrator Tick' (61) completed 
2025-08-30 06:57:23,662 95977 INFO OdooE odoo.addons.base.models.ir_cron: Job 'BPM Outbox Dispatcher' (62) starting 
2025-08-30 06:57:23,664 95977 INFO OdooE odoo.addons.base.models.ir_cron: Job 'BPM Outbox Dispatcher' (62) done in 0.002s 
2025-08-30 06:57:23,668 95977 INFO OdooE odoo.addons.base.models.ir_cron: Job 'BPM Outbox Dispatcher' (62) processed 0 records, 0 records remaining 
2025-08-30 06:57:23,673 95977 INFO OdooE odoo.addons.base.models.ir_cron: Job 'BPM Outbox Dispatcher' (62) completed 
2025-08-30 06:57:23,684 95977 INFO OdooE odoo.addons.base.models.ir_cron: Job 'BPM Timers' (63) starting 
2025-08-30 06:57:23,691 95977 INFO OdooE odoo.addons.base.models.ir_cron: Job 'BPM Timers' (63) done in 0.006s 
2025-08-30 06:57:23,695 95977 INFO OdooE odoo.addons.base.models.ir_cron: Job 'BPM Timers' (63) processed 0 records, 0 records remaining 
2025-08-30 06:57:23,698 95977 INFO OdooE odoo.addons.base.models.ir_cron: Job 'BPM Timers' (63) completed 
2025-08-30 06:58:23,772 95977 INFO OdooE odoo.addons.base.models.ir_cron: Job 'BPM Orchestrator Tick' (61) starting 
2025-08-30 06:58:23,777 95977 INFO OdooE odoo.addons.base.models.ir_cron: Job 'BPM Orchestrator Tick' (61) done in 0.005s 
2025-08-30 06:58:23,784 95977 INFO OdooE odoo.addons.base.models.ir_cron: Job 'BPM Orchestrator Tick' (61) processed 0 records, 0 records remaining 
2025-08-30 06:58:23,788 95977 INFO OdooE odoo.addons.base.models.ir_cron: Job 'BPM Orchestrator Tick' (61) completed 
2025-08-30 06:58:23,805 95977 INFO OdooE odoo.addons.base.models.ir_cron: Job 'BPM Outbox Dispatcher' (62) starting 
2025-08-30 06:58:23,809 95977 INFO OdooE odoo.addons.base.models.ir_cron: Job 'BPM Outbox Dispatcher' (62) done in 0.004s 
2025-08-30 06:58:23,815 95977 INFO OdooE odoo.addons.base.models.ir_cron: Job 'BPM Outbox Dispatcher' (62) processed 0 records, 0 records remaining 
2025-08-30 06:58:23,819 95977 INFO OdooE odoo.addons.base.models.ir_cron: Job 'BPM Outbox Dispatcher' (62) completed 
2025-08-30 06:58:23,832 95977 INFO OdooE odoo.addons.base.models.ir_cron: Job 'BPM Timers' (63) starting 
2025-08-30 06:58:23,836 95977 INFO OdooE odoo.addons.base.models.ir_cron: Job 'BPM Timers' (63) done in 0.004s 
2025-08-30 06:58:23,843 95977 INFO OdooE odoo.addons.base.models.ir_cron: Job 'BPM Timers' (63) processed 0 records, 0 records remaining 
2025-08-30 06:58:23,847 95977 INFO OdooE odoo.addons.base.models.ir_cron: Job 'BPM Timers' (63) completed 
2025-08-30 06:58:31,762 95977 INFO OdooE odoo.addons.base.models.ir_cron: Job 'BPM Orchestrator Tick' (61) starting 
2025-08-30 06:58:31,767 95977 INFO OdooE odoo.addons.base.models.ir_cron: Job 'BPM Orchestrator Tick' (61) done in 0.004s 
2025-08-30 06:58:31,773 95977 INFO OdooE odoo.addons.base.models.ir_cron: Job 'BPM Orchestrator Tick' (61) processed 0 records, 0 records remaining 
2025-08-30 06:58:31,779 95977 INFO OdooE odoo.addons.base.models.ir_cron: Job 'BPM Orchestrator Tick' (61) completed 
2025-08-30 06:58:31,791 95977 INFO OdooE odoo.addons.base.models.ir_cron: Job 'BPM Outbox Dispatcher' (62) starting 
2025-08-30 06:58:31,794 95977 INFO OdooE odoo.addons.base.models.ir_cron: Job 'BPM Outbox Dispatcher' (62) done in 0.002s 
2025-08-30 06:58:31,798 95977 INFO OdooE odoo.addons.base.models.ir_cron: Job 'BPM Outbox Dispatcher' (62) processed 0 records, 0 records remaining 
2025-08-30 06:58:31,802 95977 INFO OdooE odoo.addons.base.models.ir_cron: Job 'BPM Outbox Dispatcher' (62) completed 
2025-08-30 06:58:31,812 95977 INFO OdooE odoo.addons.base.models.ir_cron: Job 'BPM Timers' (63) starting 
2025-08-30 06:58:31,814 95977 INFO OdooE odoo.addons.base.models.ir_cron: Job 'BPM Timers' (63) done in 0.002s 
2025-08-30 06:58:31,817 95977 INFO OdooE odoo.addons.base.models.ir_cron: Job 'BPM Timers' (63) processed 0 records, 0 records remaining 
2025-08-30 06:58:31,821 95977 INFO OdooE odoo.addons.base.models.ir_cron: Job 'BPM Timers' (63) completed 
2025-08-30 06:59:32,882 95977 INFO OdooE odoo.addons.base.models.ir_cron: Job 'Notification: Notify scheduled messages' (8) starting 
2025-08-30 06:59:32,889 95977 INFO OdooE odoo.addons.base.models.ir_cron: Job 'Notification: Notify scheduled messages' (8) done in 0.008s 
2025-08-30 06:59:32,904 95977 INFO OdooE odoo.addons.base.models.ir_cron: Job 'Notification: Notify scheduled messages' (8) processed 0 records, 0 records remaining 
2025-08-30 06:59:32,909 95977 INFO OdooE odoo.addons.base.models.ir_cron: Job 'Notification: Notify scheduled messages' (8) completed 
2025-08-30 06:59:32,922 95977 INFO OdooE odoo.addons.base.models.ir_cron: Job 'BPM Orchestrator Tick' (61) starting 
2025-08-30 06:59:32,925 95977 INFO OdooE odoo.addons.base.models.ir_cron: Job 'BPM Orchestrator Tick' (61) done in 0.003s 
2025-08-30 06:59:32,930 95977 INFO OdooE odoo.addons.base.models.ir_cron: Job 'BPM Orchestrator Tick' (61) processed 0 records, 0 records remaining 
2025-08-30 06:59:32,934 95977 INFO OdooE odoo.addons.base.models.ir_cron: Job 'BPM Orchestrator Tick' (61) completed 
2025-08-30 06:59:32,950 95977 INFO OdooE odoo.addons.base.models.ir_cron: Job 'BPM Outbox Dispatcher' (62) starting 
2025-08-30 06:59:32,954 95977 INFO OdooE odoo.addons.base.models.ir_cron: Job 'BPM Outbox Dispatcher' (62) done in 0.005s 
2025-08-30 06:59:32,961 95977 INFO OdooE odoo.addons.base.models.ir_cron: Job 'BPM Outbox Dispatcher' (62) processed 0 records, 0 records remaining 
2025-08-30 06:59:32,967 95977 INFO OdooE odoo.addons.base.models.ir_cron: Job 'BPM Outbox Dispatcher' (62) completed 
2025-08-30 06:59:32,983 95977 INFO OdooE odoo.addons.base.models.ir_cron: Job 'BPM Timers' (63) starting 
2025-08-30 06:59:32,988 95977 INFO OdooE odoo.addons.base.models.ir_cron: Job 'BPM Timers' (63) done in 0.004s 
2025-08-30 06:59:32,995 95977 INFO OdooE odoo.addons.base.models.ir_cron: Job 'BPM Timers' (63) processed 0 records, 0 records remaining 
2025-08-30 06:59:33,001 95977 INFO OdooE odoo.addons.base.models.ir_cron: Job 'BPM Timers' (63) completed 
2025-08-30 06:59:33,016 95977 INFO OdooE odoo.addons.base.models.ir_cron: Job 'Mail: Email Queue Manager' (3) starting 
2025-08-30 06:59:33,039 95977 INFO OdooE odoo.addons.base.models.ir_cron: Job 'Mail: Email Queue Manager' (3) done in 0.022s 
2025-08-30 06:59:33,047 95977 INFO OdooE odoo.addons.base.models.ir_cron: Job 'Mail: Email Queue Manager' (3) processed 0 records, 0 records remaining 
2025-08-30 06:59:33,055 95977 INFO OdooE odoo.addons.base.models.ir_cron: Job 'Mail: Email Queue Manager' (3) completed 
2025-08-30 07:00:23,958 95977 INFO OdooE odoo.addons.base.models.ir_cron: Job 'SMS: SMS Queue Manager' (15) starting 
2025-08-30 07:00:23,979 95977 INFO OdooE odoo.addons.base.models.ir_cron: Job 'SMS: SMS Queue Manager' (15) done in 0.021s 
2025-08-30 07:00:23,988 95977 INFO OdooE odoo.addons.base.models.ir_cron: Job 'SMS: SMS Queue Manager' (15) processed 0 records, 0 records remaining 
2025-08-30 07:00:23,991 95977 INFO OdooE odoo.addons.base.models.ir_cron: Job 'SMS: SMS Queue Manager' (15) completed 
2025-08-30 07:00:24,003 95977 INFO OdooE odoo.addons.base.models.ir_cron: Job 'Snailmail: process letters queue' (16) starting 
2025-08-30 07:00:24,011 95977 INFO OdooE odoo.addons.base.models.ir_cron: Job 'Snailmail: process letters queue' (16) done in 0.008s 
2025-08-30 07:00:24,022 95977 INFO OdooE odoo.addons.base.models.ir_cron: Job 'Snailmail: process letters queue' (16) processed 0 records, 0 records remaining 
2025-08-30 07:00:24,027 95977 INFO OdooE odoo.addons.base.models.ir_cron: Job 'Snailmail: process letters queue' (16) completed 
2025-08-30 07:00:24,046 95977 INFO OdooE odoo.addons.base.models.ir_cron: Job 'Partner Autocomplete: Sync with remote DB' (14) starting 
2025-08-30 07:00:24,050 95977 INFO OdooE odoo.addons.base.models.ir_cron: Job 'Partner Autocomplete: Sync with remote DB' (14) done in 0.004s 
2025-08-30 07:00:24,056 95977 INFO OdooE odoo.addons.base.models.ir_cron: Job 'Partner Autocomplete: Sync with remote DB' (14) processed 0 records, 0 records remaining 
2025-08-30 07:00:24,060 95977 INFO OdooE odoo.addons.base.models.ir_cron: Job 'Partner Autocomplete: Sync with remote DB' (14) completed 
2025-08-30 07:00:33,532 95977 INFO ? odoo.service.server: Initiating shutdown 
2025-08-30 07:00:33,533 95977 INFO ? odoo.service.server: Hit CTRL-C again or send a second signal to force the shutdown. 
2025-08-30 07:00:33,713 95977 INFO ? odoo.sql_db: ConnectionPool(read/write;used=0/count=0/max=64): Closed 5 connections  
